[debug] [2019-12-13T17:29:29.761Z] ----------------------------------------------------------------------
[debug] [2019-12-13T17:29:29.763Z] Command:       C:\Program Files\nodejs\node.exe C:\Users\jeffv\AppData\Roaming\npm\node_modules\firebase-tools\lib\bin\firebase.js deploy
[debug] [2019-12-13T17:29:29.763Z] CLI Version:   7.8.1
[debug] [2019-12-13T17:29:29.763Z] Platform:      win32
[debug] [2019-12-13T17:29:29.763Z] Node Version:  v11.11.0
[debug] [2019-12-13T17:29:29.764Z] Time:          Fri Dec 13 2019 18:29:29 GMT+0100 (GMT+01:00)
[debug] [2019-12-13T17:29:29.764Z] ----------------------------------------------------------------------
[debug] [2019-12-13T17:29:29.764Z] 
[debug] [2019-12-13T17:29:29.772Z] > command requires scopes: ["email","openid","https://www.googleapis.com/auth/cloudplatformprojects.readonly","https://www.googleapis.com/auth/firebase","https://www.googleapis.com/auth/cloud-platform"]
[debug] [2019-12-13T17:29:29.773Z] > authorizing via signed-in user
[debug] [2019-12-13T17:29:29.773Z] [iam] checking project subplementum-fp for permissions ["firebase.projects.get","firebasehosting.sites.update"]
[debug] [2019-12-13T17:29:29.774Z] >>> HTTP REQUEST POST https://cloudresourcemanager.googleapis.com/v1/projects/subplementum-fp:testIamPermissions  

[debug] [2019-12-13T17:29:30.599Z] <<< HTTP RESPONSE 200
[debug] [2019-12-13T17:29:30.600Z] >>> HTTP REQUEST GET https://firebase.googleapis.com/v1beta1/projects/subplementum-fp  
 
[debug] [2019-12-13T17:29:30.952Z] <<< HTTP RESPONSE 200
[info] 
[info] === Deploying to 'subplementum-fp'...
[info] 
[info] i  deploying hosting
[debug] [2019-12-13T17:29:30.956Z] >>> HTTP REQUEST POST https://firebasehosting.googleapis.com/v1beta1/sites/subplementum-fp/versions  

[debug] [2019-12-13T17:29:33.914Z] <<< HTTP RESPONSE 200
[info] i  hosting[subplementum-fp]: beginning deploy...
[info] i  hosting[subplementum-fp]: found 19 files in public
[debug] [2019-12-13T17:29:33.928Z] [hosting] hash cache [cHVibGlj] not populated
[debug] [2019-12-13T17:29:34.007Z] [hosting] hash cache [cHVibGlj] stored for 19 files
[debug] [2019-12-13T17:29:34.007Z] [hosting][hash queue][FINAL]
[debug] [2019-12-13T17:29:34.007Z] >>> HTTP REQUEST POST https://firebasehosting.googleapis.com/v1beta1/sites/subplementum-fp/versions/096563afcb347685:populateFiles  
 <request body omitted>
[debug] [2019-12-13T17:29:35.554Z] <<< HTTP RESPONSE 200
[debug] [2019-12-13T17:29:35.562Z] [hosting][populate queue][FINAL]
[debug] [2019-12-13T17:29:35.562Z] [hosting] uploads queued: 18
[debug] [2019-12-13T17:29:40.221Z] [hosting][upload queue][FINAL]
[info] +  hosting[subplementum-fp]: file upload complete
[debug] [2019-12-13T17:29:40.222Z] [hosting] deploy completed after 6307ms
[debug] [2019-12-13T17:29:40.348Z] [
  {
    "config": {
      "public": "public",
      "ignore": [
        "firebase.json",
        "**/.*",
        "**/node_modules/**"
      ],
      "site": "subplementum-fp"
    },
    "site": "subplementum-fp",
    "version": "sites/subplementum-fp/versions/096563afcb347685"
  }
]
[info] i  hosting[subplementum-fp]: finalizing version...
[debug] [2019-12-13T17:29:40.350Z] >>> HTTP REQUEST PATCH https://firebasehosting.googleapis.com/v1beta1/sites/subplementum-fp/versions/096563afcb347685?updateMask=status  

[debug] [2019-12-13T17:29:41.306Z] <<< HTTP RESPONSE 200
[debug] [2019-12-13T17:29:41.306Z] [hosting] finalized version for subplementum-fp:
[info] +  hosting[subplementum-fp]: version finalized
[info] i  hosting[subplementum-fp]: releasing new version...
[debug] [2019-12-13T17:29:41.310Z] >>> HTTP REQUEST POST https://firebasehosting.googleapis.com/v1beta1/sites/subplementum-fp/releases?version_name=sites/subplementum-fp/versions/096563afcb347685  

